::1 - - [05/Feb/2018:15:04:51 +0800] "GET /wordpress/ HTTP/1.1" 200 60229
::1 - - [05/Feb/2018:15:04:58 +0800] "GET /wordpress/wp-content/uploads/2018/02/coffee.jpg HTTP/1.1" 304 -
::1 - - [05/Feb/2018:15:04:58 +0800] "GET /wordpress/wp-content/uploads/2018/02/sandwich.jpg HTTP/1.1" 304 -
::1 - - [05/Feb/2018:15:04:58 +0800] "GET /wordpress/wp-content/uploads/2018/02/cropped-food-vegetables-eat-nutrition-57422.jpeg HTTP/1.1" 304 -
::1 - - [05/Feb/2018:15:04:58 +0800] "GET /wordpress/wp-content/uploads/2018/02/espresso.jpg HTTP/1.1" 304 -
::1 - - [05/Feb/2018:15:04:58 +0800] "GET /favicon.ico HTTP/1.1" 404 209
::1 - - [05/Feb/2018:15:05:29 +0800] "GET /wordpress/wp-admin/ HTTP/1.1" 302 -
::1 - - [05/Feb/2018:15:05:31 +0800] "GET /wordpress/wp-login.php?redirect_to=http%3A%2F%2Flocalhost%2Fwordpress%2Fwp-admin%2F&reauth=1 HTTP/1.1" 200 2291
::1 - - [05/Feb/2018:15:05:27 +0800] "POST /wordpress/wp-cron.php?doing_wp_cron=1517814295.7820260524749755859375 HTTP/1.1" 200 -
::1 - - [05/Feb/2018:15:05:42 +0800] "POST /wordpress/wp-login.php HTTP/1.1" 200 3311
::1 - - [05/Feb/2018:15:06:06 +0800] "POST /wordpress/wp-login.php HTTP/1.1" 302 -
::1 - - [05/Feb/2018:15:06:06 +0800] "GET /wordpress/wp-admin/ HTTP/1.1" 200 54473
::1 - - [05/Feb/2018:15:06:07 +0800] "POST /wordpress/wp-admin/admin-ajax.php HTTP/1.1" 200 60
::1 - - [05/Feb/2018:15:06:10 +0800] "GET /wordpress/wp-admin/js/editor.min.js?ver=4.9.2 HTTP/1.1" 304 -
::1 - - [05/Feb/2018:15:06:11 +0800] "GET /wordpress/wp-admin/js/widgets/custom-html-widgets.min.js?ver=4.9.2 HTTP/1.1" 304 -
::1 - - [05/Feb/2018:15:06:09 +0800] "GET /wordpress/wp-admin/customize.php HTTP/1.1" 200 339407
::1 - - [05/Feb/2018:15:06:11 +0800] "GET /wordpress/?customize_changeset_uuid=87e6b405-841d-4a57-b9c6-e66dc7a9668e&customize_theme=twentyseventeen&customize_messenger_channel=preview-0 HTTP/1.1" 200 112993
::1 - - [05/Feb/2018:15:06:07 +0800] "GET /wordpress/wp-admin/admin-ajax.php?action=dashboard-widgets&widget=dashboard_primary&pagenow=dashboard HTTP/1.1" 200 686
::1 - - [05/Feb/2018:15:07:12 +0800] "POST /wordpress/wp-admin/admin-ajax.php HTTP/1.1" 200 47
::1 - - [05/Feb/2018:15:08:12 +0800] "POST /wordpress/wp-admin/admin-ajax.php HTTP/1.1" 200 47
::1 - - [05/Feb/2018:15:08:33 +0800] "POST /wordpress/wp-admin/admin-ajax.php HTTP/1.1" 200 1546
::1 - - [05/Feb/2018:15:09:04 +0800] "POST /wordpress/wp-admin/admin-ajax.php HTTP/1.1" 404 50
::1 - - [05/Feb/2018:15:09:04 +0800] "GET /wordpress/wp-admin/ HTTP/1.1" 200 55039
::1 - - [05/Feb/2018:15:09:13 +0800] "GET /wordpress/wp-admin/widgets.php HTTP/1.1" 200 203701
::1 - - [05/Feb/2018:15:09:13 +0800] "GET /wordpress/wp-admin/load-styles.php?c=1&dir=ltr&load%5B%5D=media-views,editor-buttons,code-editor&ver=4.9.2 HTTP/1.1" 200 15237
::1 - - [05/Feb/2018:15:09:13 +0800] "GET /wordpress/wp-admin/load-scripts.php?c=1&load%5B%5D=hoverIntent,common,admin-bar,jquery-ui-draggable,jquery-ui-droppable&ver=4.9.2 HTTP/1.1" 200 14896
::1 - - [05/Feb/2018:15:09:13 +0800] "GET /wordpress/wp-admin/js/widgets.min.js?ver=4.9.2 HTTP/1.1" 200 12106
::1 - - [05/Feb/2018:15:09:13 +0800] "GET /wordpress/wp-admin/js/svg-painter.js?ver=4.9.2 HTTP/1.1" 200 5484
::1 - - [05/Feb/2018:15:09:13 +0800] "GET /wordpress/wp-includes/js/heartbeat.min.js?ver=4.9.2 HTTP/1.1" 200 5531
::1 - - [05/Feb/2018:15:09:13 +0800] "GET /wordpress/wp-includes/js/wp-auth-check.min.js?ver=4.9.2 HTTP/1.1" 200 1783
::1 - - [05/Feb/2018:15:09:13 +0800] "GET /wordpress/wp-includes/js/mce-view.min.js?ver=4.9.2 HTTP/1.1" 200 9744
::1 - - [05/Feb/2018:15:09:14 +0800] "GET /wordpress/wp-includes/js/imgareaselect/jquery.imgareaselect.min.js?ver=4.9.2 HTTP/1.1" 200 9887
::1 - - [05/Feb/2018:15:09:14 +0800] "GET /wordpress/wp-admin/js/image-edit.min.js?ver=4.9.2 HTTP/1.1" 200 9737
::1 - - [05/Feb/2018:15:09:13 +0800] "GET /wordpress/wp-admin/load-scripts.php?c=1&load%5B%5D=jquery-core,jquery-migrate,utils,jquery-ui-core,jquery-ui-widget,jquery-ui-mouse,jquery-ui-sortable,underscore,shortcode,backbon&load%5B%5D=e,wp-util,wp-backbone,media-models,moxiejs,plupload,wp-plupload&ver=4.9.2 HTTP/1.1" 200 112124
::1 - - [05/Feb/2018:15:09:14 +0800] "GET /wordpress/wp-includes/js/quicktags.min.js?ver=4.9.2 HTTP/1.1" 200 11149
::1 - - [05/Feb/2018:15:09:14 +0800] "GET /wordpress/wp-includes/js/wplink.min.js?ver=4.9.2 HTTP/1.1" 200 11305
::1 - - [05/Feb/2018:15:09:14 +0800] "GET /wordpress/wp-includes/js/jquery/ui/position.min.js?ver=1.11.4 HTTP/1.1" 200 6527
::1 - - [05/Feb/2018:15:09:14 +0800] "GET /wordpress/wp-includes/js/jquery/ui/menu.min.js?ver=1.11.4 HTTP/1.1" 200 9600
::1 - - [05/Feb/2018:15:09:14 +0800] "GET /wordpress/wp-includes/js/thickbox/thickbox.js?ver=3.1-20121105 HTTP/1.1" 200 13163
::1 - - [05/Feb/2018:15:09:14 +0800] "GET /wordpress/wp-admin/js/media-upload.min.js?ver=4.9.2 HTTP/1.1" 200 1153
::1 - - [05/Feb/2018:15:09:14 +0800] "GET /wordpress/wp-includes/js/jquery/ui/autocomplete.min.js?ver=1.11.4 HTTP/1.1" 200 8283
::1 - - [05/Feb/2018:15:09:25 +0800] "GET /wordpress/ HTTP/1.1" 200 68631
::1 - - [05/Feb/2018:15:09:29 +0800] "GET /wordpress/contact/ HTTP/1.1" 200 63973
::1 - - [05/Feb/2018:15:09:33 +0800] "GET /wordpress/wp-admin/post.php?post=9&action=edit HTTP/1.1" 200 116525
::1 - - [05/Feb/2018:15:10:24 +0800] "GET /wordpress/ HTTP/1.1" 200 68631
::1 - - [05/Feb/2018:15:10:24 +0800] "POST /wordpress/wp-admin/admin-ajax.php HTTP/1.1" 200 1
::1 - - [05/Feb/2018:15:10:31 +0800] "GET /wordpress/ HTTP/1.1" 200 68631
::1 - - [05/Feb/2018:15:14:50 +0800] "GET /wordpress/wp-admin/customize.php?url=http%3A%2F%2Flocalhost%2Fwordpress%2F HTTP/1.1" 200 340563
::1 - - [05/Feb/2018:15:14:51 +0800] "GET /wordpress/?customize_changeset_uuid=24b1a482-3bb8-46df-b4ae-f2584a4f6352&customize_theme=twentyseventeen&customize_messenger_channel=preview-0 HTTP/1.1" 200 112993
::1 - - [05/Feb/2018:15:14:58 +0800] "POST /wordpress/?customize_changeset_uuid=24b1a482-3bb8-46df-b4ae-f2584a4f6352&customize_autosaved=on&customize_preview_nonce=c0c32d7a28 HTTP/1.1" 200 139
::1 - - [05/Feb/2018:15:14:59 +0800] "POST /wordpress/?customize_changeset_uuid=24b1a482-3bb8-46df-b4ae-f2584a4f6352&customize_autosaved=on&customize_preview_nonce=c0c32d7a28 HTTP/1.1" 200 138
::1 - - [05/Feb/2018:15:15:00 +0800] "POST /wordpress/?customize_changeset_uuid=24b1a482-3bb8-46df-b4ae-f2584a4f6352&customize_autosaved=on&customize_preview_nonce=c0c32d7a28 HTTP/1.1" 200 143
::1 - - [05/Feb/2018:15:15:00 +0800] "POST /wordpress/?customize_changeset_uuid=24b1a482-3bb8-46df-b4ae-f2584a4f6352&customize_autosaved=on&customize_preview_nonce=c0c32d7a28 HTTP/1.1" 200 141
::1 - - [05/Feb/2018:15:15:01 +0800] "POST /wordpress/?customize_changeset_uuid=24b1a482-3bb8-46df-b4ae-f2584a4f6352&customize_autosaved=on&customize_preview_nonce=c0c32d7a28 HTTP/1.1" 200 142
::1 - - [05/Feb/2018:15:15:03 +0800] "POST /wordpress/?customize_changeset_uuid=24b1a482-3bb8-46df-b4ae-f2584a4f6352&customize_autosaved=on&customize_preview_nonce=c0c32d7a28 HTTP/1.1" 200 143
::1 - - [05/Feb/2018:15:15:04 +0800] "POST /wordpress/?customize_changeset_uuid=24b1a482-3bb8-46df-b4ae-f2584a4f6352&customize_autosaved=on&customize_preview_nonce=c0c32d7a28 HTTP/1.1" 200 148
::1 - - [05/Feb/2018:15:15:07 +0800] "POST /wordpress/wp-admin/admin-ajax.php HTTP/1.1" 200 113
::1 - - [05/Feb/2018:15:15:51 +0800] "POST /wordpress/wp-admin/admin-ajax.php HTTP/1.1" 200 47
::1 - - [05/Feb/2018:15:16:02 +0800] "GET /wordpress/about/?customize_changeset_uuid=24b1a482-3bb8-46df-b4ae-f2584a4f6352&customize_theme=twentyseventeen&customize_messenger_channel=preview-1&customize_autosaved=on HTTP/1.1" 200 108396
::1 - - [05/Feb/2018:15:16:08 +0800] "POST /wordpress/wp-admin/admin-ajax.php HTTP/1.1" 200 154
::1 - - [05/Feb/2018:15:16:14 +0800] "GET /wordpress/about/?customize_changeset_uuid=ff5a7bee-18f8-4023-85d8-bf0b1ab3b079&customize_theme=twentyseventeen&customize_messenger_channel=preview-2&customize_autosaved=on HTTP/1.1" 200 108396
::1 - - [05/Feb/2018:15:16:52 +0800] "POST /wordpress/wp-admin/admin-ajax.php HTTP/1.1" 200 47
::1 - - [05/Feb/2018:15:17:35 +0800] "POST /wordpress/wp-admin/admin-ajax.php HTTP/1.1" 404 50
::1 - - [05/Feb/2018:15:17:35 +0800] "GET /wordpress/ HTTP/1.1" 200 68643
::1 - - [05/Feb/2018:15:17:40 +0800] "GET /wordpress/wp-admin/customize.php?url=http%3A%2F%2Flocalhost%2Fwordpress%2F HTTP/1.1" 200 340573
::1 - - [05/Feb/2018:15:17:41 +0800] "GET /wordpress/?customize_changeset_uuid=61c641e4-8f0d-4a2e-9f23-cffc24bb6d58&customize_theme=twentyseventeen&customize_messenger_channel=preview-0 HTTP/1.1" 200 113005
::1 - - [05/Feb/2018:15:17:42 +0800] "POST /wordpress/wp-admin/admin-ajax.php HTTP/1.1" 404 50
::1 - - [05/Feb/2018:15:17:42 +0800] "GET /wordpress/ HTTP/1.1" 200 68643
::1 - - [05/Feb/2018:15:17:44 +0800] "GET /wordpress/wp-admin/customize.php?url=http%3A%2F%2Flocalhost%2Fwordpress%2F HTTP/1.1" 200 340573
::1 - - [05/Feb/2018:15:17:45 +0800] "GET /wordpress/?customize_changeset_uuid=cac52665-36ae-4f16-9a20-7704404a14c0&customize_theme=twentyseventeen&customize_messenger_channel=preview-0 HTTP/1.1" 200 113005
::1 - - [05/Feb/2018:15:17:49 +0800] "POST /wordpress/wp-admin/admin-ajax.php HTTP/1.1" 200 1546
::1 - - [05/Feb/2018:15:17:53 +0800] "POST /wordpress/wp-admin/admin-ajax.php HTTP/1.1" 200 4553
::1 - - [05/Feb/2018:15:18:45 +0800] "POST /wordpress/wp-admin/admin-ajax.php HTTP/1.1" 200 47
::1 - - [05/Feb/2018:15:19:49 +0800] "POST /wordpress/wp-admin/admin-ajax.php HTTP/1.1" 200 47
::1 - - [05/Feb/2018:15:19:51 +0800] "POST /wordpress/wp-admin/admin-ajax.php HTTP/1.1" 200 174380
::1 - - [05/Feb/2018:15:20:07 +0800] "GET /wordpress/wp-content/themes/twentyfifteen/js/color-scheme-control.js?ver=20141216 HTTP/1.1" 200 2915
::1 - - [05/Feb/2018:15:20:07 +0800] "GET /wordpress/wp-admin/customize.php?url=http%3A%2F%2Flocalhost%2Fwordpress%2F&theme=twentyfifteen&changeset_uuid=cac52665-36ae-4f16-9a20-7704404a14c0&return=http%3A%2F%2Flocalhost%2Fwordpress%2F HTTP/1.1" 200 340665
::1 - - [05/Feb/2018:15:20:07 +0800] "GET /wordpress/wp-admin/load-styles.php?c=1&dir=ltr&load%5B%5D=dashicons,common,forms,admin-menu,dashboard,list-tables,edit,revisions,media,themes,about,nav-menus,wp-pointer,widgets,site-icon&load%5B%5D=,l10n,buttons,customize-controls,customize-widgets,customize-nav-menus,media-views,wp-color-picker,code-editor&ver=4.9.2 HTTP/1.1" 200 116296
::1 - - [05/Feb/2018:15:20:07 +0800] "GET /wordpress/wp-admin/load-scripts.php?c=1&load%5B%5D=heartbeat,customize-base,customize-controls,customize-widgets,accordion,customize-nav-menus,imgareaselect,customize-models,custo&load%5B%5D=mize-views,mce-view,image-edit,jquery-ui-slider,jquery-touch-punch,iris,wp-color-picker,updates,quicktags,wplink,jquery-ui-posit&load%5B%5D=ion,jquery-ui-menu,jquery-ui-autocomplete,thickbox,media-upload&ver=4.9.2 HTTP/1.1" 200 114090
::1 - - [05/Feb/2018:15:20:09 +0800] "POST /wordpress/?customize_changeset_uuid=cac52665-36ae-4f16-9a20-7704404a14c0&customize_theme=twentyfifteen&customize_messenger_channel=preview-0&customize_autosaved=on HTTP/1.1" 200 42753
::1 - - [05/Feb/2018:15:20:09 +0800] "GET /wordpress/wp-content/themes/twentyfifteen/js/customize-preview.js?ver=20141216 HTTP/1.1" 200 832
::1 - - [05/Feb/2018:15:21:09 +0800] "POST /wordpress/wp-admin/admin-ajax.php HTTP/1.1" 200 47
::1 - - [05/Feb/2018:15:21:49 +0800] "POST /wordpress/contact/?customize_changeset_uuid=cac52665-36ae-4f16-9a20-7704404a14c0&customize_theme=twentyfifteen&customize_messenger_channel=preview-1&customize_autosaved=on HTTP/1.1" 200 43438
::1 - - [05/Feb/2018:15:21:50 +0800] "GET /wordpress/wp-content/uploads/2018/02/espresso-1024x614.jpg HTTP/1.1" 200 48256
::1 - - [05/Feb/2018:15:21:54 +0800] "POST /wordpress/?customize_changeset_uuid=cac52665-36ae-4f16-9a20-7704404a14c0&customize_theme=twentyfifteen&customize_messenger_channel=preview-2&customize_autosaved=on HTTP/1.1" 200 42753
::1 - - [05/Feb/2018:15:22:10 +0800] "POST /wordpress/wp-admin/admin-ajax.php HTTP/1.1" 200 47
::1 - - [05/Feb/2018:15:23:40 +0800] "POST /wordpress/wp-admin/admin-ajax.php HTTP/1.1" 200 47
::1 - - [05/Feb/2018:15:23:42 +0800] "POST /wordpress/wp-admin/admin-ajax.php HTTP/1.1" 200 4553
::1 - - [05/Feb/2018:15:23:47 +0800] "POST /wordpress/wp-admin/admin-ajax.php HTTP/1.1" 200 174380
::1 - - [05/Feb/2018:15:24:14 +0800] "POST /wordpress/wp-admin/admin-ajax.php HTTP/1.1" 200 201739
::1 - - [05/Feb/2018:15:24:35 +0800] "POST /wordpress/wp-admin/admin-ajax.php HTTP/1.1" 200 109000
::1 - - [05/Feb/2018:15:24:41 +0800] "POST /wordpress/wp-admin/admin-ajax.php HTTP/1.1" 200 47
::1 - - [05/Feb/2018:15:24:51 +0800] "POST /wordpress/wp-admin/admin-ajax.php HTTP/1.1" 200 167944
::1 - - [05/Feb/2018:15:24:56 +0800] "POST /wordpress/wp-admin/admin-ajax.php HTTP/1.1" 200 77
::1 - - [05/Feb/2018:15:24:57 +0800] "POST /wordpress/wp-admin/admin-ajax.php HTTP/1.1" 200 204661
::1 - - [05/Feb/2018:15:25:01 +0800] "POST /wordpress/wp-admin/admin-ajax.php HTTP/1.1" 200 23874
::1 - - [05/Feb/2018:15:25:11 +0800] "POST /wordpress/wp-cron.php?doing_wp_cron=1517815511.6109099388122558593750 HTTP/1.1" 200 -
::1 - - [05/Feb/2018:15:25:11 +0800] "POST /wordpress/wp-admin/admin-ajax.php HTTP/1.1" 500 -
::1 - - [05/Feb/2018:15:25:41 +0800] "POST /wordpress/wp-admin/admin-ajax.php HTTP/1.1" 200 47
::1 - - [05/Feb/2018:15:26:41 +0800] "POST /wordpress/wp-admin/admin-ajax.php HTTP/1.1" 200 47
::1 - - [05/Feb/2018:15:26:53 +0800] "GET /wordpress/wp-admin/customize.php?url=http%3A%2F%2Flocalhost%2Fwordpress%2F&theme=twentyfifteen&return=http%3A%2F%2Flocalhost%2Fwordpress%2F HTTP/1.1" 200 339240
::1 - - [05/Feb/2018:15:26:54 +0800] "POST /wordpress/?customize_changeset_uuid=b856ea72-2edd-4edd-be4b-8abd9cc1e9b2&customize_theme=twentyfifteen&customize_messenger_channel=preview-0&customize_autosaved=on HTTP/1.1" 200 42753
::1 - - [05/Feb/2018:15:26:56 +0800] "POST /wordpress/wp-admin/admin-ajax.php HTTP/1.1" 200 4553
::1 - - [05/Feb/2018:15:27:00 +0800] "POST /wordpress/wp-admin/admin-ajax.php HTTP/1.1" 200 174380
::1 - - [05/Feb/2018:15:27:29 +0800] "POST /wordpress/wp-admin/admin-ajax.php HTTP/1.1" 200 240
::1 - - [05/Feb/2018:15:27:52 +0800] "POST /wordpress/wp-admin/admin-ajax.php HTTP/1.1" 404 50
::1 - - [05/Feb/2018:15:27:53 +0800] "GET /wordpress/ HTTP/1.1" 200 18989
::1 - - [05/Feb/2018:15:27:56 +0800] "GET /wordpress/wp-admin/ HTTP/1.1" 200 55292
::1 - - [05/Feb/2018:15:28:00 +0800] "GET /wordpress/wp-admin/customize.php HTTP/1.1" 200 329628
::1 - - [05/Feb/2018:15:28:01 +0800] "GET /wordpress/?customize_changeset_uuid=6d3a11ec-c51c-47e2-b6b8-b3d36059169c&customize_theme=twentyfifteen&customize_messenger_channel=preview-0 HTTP/1.1" 200 41024
::1 - - [05/Feb/2018:15:28:02 +0800] "POST /wordpress/wp-admin/admin-ajax.php HTTP/1.1" 200 4553
::1 - - [05/Feb/2018:15:28:57 +0800] "POST /wordpress/wp-admin/admin-ajax.php HTTP/1.1" 404 50
::1 - - [05/Feb/2018:15:28:57 +0800] "GET /wordpress/wp-admin/ HTTP/1.1" 200 55292
::1 - - [05/Feb/2018:15:29:04 +0800] "GET /wordpress/ HTTP/1.1" 200 18989
::1 - - [05/Feb/2018:15:29:07 +0800] "GET /wordpress/wp-admin/customize.php?url=http%3A%2F%2Flocalhost%2Fwordpress%2F HTTP/1.1" 200 330690
::1 - - [05/Feb/2018:15:29:08 +0800] "GET /wordpress/?customize_changeset_uuid=f7c03694-7a22-4d4c-ae40-098a49fa29ee&customize_theme=twentyfifteen&customize_messenger_channel=preview-0 HTTP/1.1" 200 41024
::1 - - [05/Feb/2018:15:29:10 +0800] "POST /wordpress/wp-admin/admin-ajax.php HTTP/1.1" 200 4553
::1 - - [05/Feb/2018:15:29:17 +0800] "POST /wordpress/wp-admin/admin-ajax.php HTTP/1.1" 200 174380
::1 - - [05/Feb/2018:15:29:45 +0800] "POST /wordpress/wp-admin/admin-ajax.php HTTP/1.1" 200 167115
::1 - - [05/Feb/2018:15:29:49 +0800] "POST /wordpress/wp-admin/admin-ajax.php HTTP/1.1" 200 77
::1 - - [05/Feb/2018:15:30:02 +0800] "POST /wordpress/wp-admin/admin-ajax.php HTTP/1.1" 200 167944
::1 - - [05/Feb/2018:15:30:08 +0800] "POST /wordpress/wp-admin/admin-ajax.php HTTP/1.1" 200 47
::1 - - [05/Feb/2018:15:30:06 +0800] "POST /wordpress/wp-admin/admin-ajax.php HTTP/1.1" 200 204661
::1 - - [05/Feb/2018:15:30:38 +0800] "POST /wordpress/wp-admin/admin-ajax.php HTTP/1.1" 500 -
::1 - - [05/Feb/2018:15:31:09 +0800] "POST /wordpress/wp-admin/admin-ajax.php HTTP/1.1" 200 47
::1 - - [05/Feb/2018:15:32:09 +0800] "POST /wordpress/wp-admin/admin-ajax.php HTTP/1.1" 200 47
::1 - - [05/Feb/2018:15:32:43 +0800] "POST /wordpress/wp-admin/admin-ajax.php HTTP/1.1" 404 50
::1 - - [05/Feb/2018:15:32:44 +0800] "GET /wordpress/ HTTP/1.1" 200 18989
::1 - - [05/Feb/2018:15:32:45 +0800] "GET /wordpress/wp-admin/customize.php?url=http%3A%2F%2Flocalhost%2Fwordpress%2F HTTP/1.1" 200 330690
::1 - - [05/Feb/2018:15:32:46 +0800] "GET /wordpress/?customize_changeset_uuid=896474b1-e533-4c4f-a337-74fe4c9fb138&customize_theme=twentyfifteen&customize_messenger_channel=preview-0 HTTP/1.1" 200 41024
::1 - - [05/Feb/2018:15:32:49 +0800] "POST /wordpress/wp-admin/admin-ajax.php HTTP/1.1" 200 4553
::1 - - [05/Feb/2018:15:33:46 +0800] "POST /wordpress/wp-admin/admin-ajax.php HTTP/1.1" 200 47
::1 - - [05/Feb/2018:15:34:47 +0800] "POST /wordpress/wp-admin/admin-ajax.php HTTP/1.1" 200 47
::1 - - [05/Feb/2018:15:35:21 +0800] "GET /wordpress/wp-admin/customize.php?url=http%3A%2F%2Flocalhost%2Fwordpress%2F HTTP/1.1" 200 330690
::1 - - [05/Feb/2018:15:35:22 +0800] "GET /wordpress/?customize_changeset_uuid=a6f48421-f678-41a7-8b02-0a5bdd6bfc7c&customize_theme=twentyfifteen&customize_messenger_channel=preview-0 HTTP/1.1" 200 41024
::1 - - [05/Feb/2018:15:35:25 +0800] "POST /wordpress/wp-admin/admin-ajax.php HTTP/1.1" 200 8027
::1 - - [05/Feb/2018:15:35:26 +0800] "GET /wordpress/wp-content/themes/food-restaurant/screenshot.png HTTP/1.1" 200 970832
::1 - - [05/Feb/2018:15:35:32 +0800] "GET /wordpress/wp-content/themes/food-restaurant//js/customize-controls.js?ver=4.9.2 HTTP/1.1" 200 349
::1 - - [05/Feb/2018:15:35:32 +0800] "GET /wordpress/wp-content/themes/food-restaurant//css/customize-controls.css?ver=4.9.2 HTTP/1.1" 200 456
::1 - - [05/Feb/2018:15:35:32 +0800] "GET /wordpress/wp-admin/load-scripts.php?c=1&load%5B%5D=heartbeat,customize-widgets,accordion,customize-nav-menus,imgareaselect,customize-models,customize-views,mce-view,image-edit,jqu&load%5B%5D=ery-ui-slider,jquery-touch-punch,iris,wp-color-picker,updates,quicktags,wplink,jquery-ui-position,jquery-ui-menu,jquery-ui-autoc&load%5B%5D=omplete,thickbox,media-upload&ver=4.9.2 HTTP/1.1" 200 79750
::1 - - [05/Feb/2018:15:35:31 +0800] "GET /wordpress/wp-admin/customize.php?url=http%3A%2F%2Flocalhost%2Fwordpress%2F&theme=food-restaurant&changeset_uuid=a6f48421-f678-41a7-8b02-0a5bdd6bfc7c&return=http%3A%2F%2Flocalhost%2Fwordpress%2F HTTP/1.1" 200 356310
::1 - - [05/Feb/2018:15:35:32 +0800] "GET /wordpress/wp-admin/load-scripts.php?c=1&load%5B%5D=jquery-core,jquery-migrate,underscore,customize-base,wp-a11y,wp-util,jquery-ui-core,customize-controls,jquery-ui-widget,jquery-u&load%5B%5D=i-mouse,jquery-ui-sortable,jquery-ui-draggable,jquery-ui-droppable,backbone,wp-backbone,wp-ajax-response,jquery-color,wp-lists,p&load%5B%5D=ostbox,nav-menu,shortcode,utils,media-models,moxiejs,plupload,wp-plupload&ver=4.9.2 HTTP/1.1" 200 168920
::1 - - [05/Feb/2018:15:35:33 +0800] "GET /wordpress/wp-content/themes/food-restaurant/css/bootstrap.css?ver=4.9.2 HTTP/1.1" 200 147980
::1 - - [05/Feb/2018:15:35:33 +0800] "GET /wordpress/wp-content/themes/food-restaurant/style.css?ver=4.9.2 HTTP/1.1" 200 28573
::1 - - [05/Feb/2018:15:35:33 +0800] "GET /wordpress/wp-content/themes/food-restaurant/css/custom.css?ver=4.9.2 HTTP/1.1" 200 1328
::1 - - [05/Feb/2018:15:35:33 +0800] "GET /wordpress/wp-content/themes/food-restaurant/css/font-awesome.css?ver=4.9.2 HTTP/1.1" 200 30570
::1 - - [05/Feb/2018:15:35:33 +0800] "GET /wordpress/wp-content/themes/food-restaurant/css/nivo-slider.css?ver=4.9.2 HTTP/1.1" 200 2753
::1 - - [05/Feb/2018:15:35:33 +0800] "GET /wordpress/wp-content/themes/food-restaurant/js/jquery.nivo.slider.js?ver=4.9.2 HTTP/1.1" 200 29775
::1 - - [05/Feb/2018:15:35:33 +0800] "GET /wordpress/wp-content/themes/food-restaurant/js/custom.js?ver=4.9.2 HTTP/1.1" 200 1579
::1 - - [05/Feb/2018:15:35:33 +0800] "POST /wordpress/?customize_changeset_uuid=a6f48421-f678-41a7-8b02-0a5bdd6bfc7c&customize_theme=food-restaurant&customize_messenger_channel=preview-0&customize_autosaved=on HTTP/1.1" 200 38711
::1 - - [05/Feb/2018:15:35:33 +0800] "GET /wordpress/wp-content/themes/food-restaurant/js/bootstrap.js?ver=4.9.2 HTTP/1.1" 200 103292
::1 - - [05/Feb/2018:15:35:33 +0800] "GET /wordpress/wp-content/themes/food-restaurant/js/customizer.js?ver=20130508 HTTP/1.1" 404 18535
::1 - - [05/Feb/2018:15:35:33 +0800] "GET /wordpress/wp-content/themes/food-restaurant/js/customizer.js?ver=20130508 HTTP/1.1" 404 18535
::1 - - [05/Feb/2018:15:35:38 +0800] "POST /wordpress/about/?customize_changeset_uuid=a6f48421-f678-41a7-8b02-0a5bdd6bfc7c&customize_theme=food-restaurant&customize_messenger_channel=preview-1&customize_autosaved=on HTTP/1.1" 200 38435
::1 - - [05/Feb/2018:15:35:39 +0800] "GET /wordpress/wp-content/themes/food-restaurant/js/customizer.js?ver=20130508 HTTP/1.1" 404 18535
::1 - - [05/Feb/2018:15:35:44 +0800] "GET /wordpress/wp-content/themes/food-restaurant/images/calender.png HTTP/1.1" 200 272
::1 - - [05/Feb/2018:15:35:43 +0800] "POST /wordpress/blog/?customize_changeset_uuid=a6f48421-f678-41a7-8b02-0a5bdd6bfc7c&customize_theme=food-restaurant&customize_messenger_channel=preview-2&customize_autosaved=on HTTP/1.1" 200 40181
::1 - - [05/Feb/2018:15:35:44 +0800] "GET /wordpress/wp-content/themes/food-restaurant/images/cat-icon.png HTTP/1.1" 200 282
::1 - - [05/Feb/2018:15:35:44 +0800] "GET /wordpress/wp-content/themes/food-restaurant/js/customizer.js?ver=20130508 HTTP/1.1" 404 18535
::1 - - [05/Feb/2018:15:35:51 +0800] "POST /wordpress/contact/?customize_changeset_uuid=a6f48421-f678-41a7-8b02-0a5bdd6bfc7c&customize_theme=food-restaurant&customize_messenger_channel=preview-3&customize_autosaved=on HTTP/1.1" 200 38447
::1 - - [05/Feb/2018:15:35:51 +0800] "GET /wordpress/wp-content/themes/food-restaurant/js/customizer.js?ver=20130508 HTTP/1.1" 404 18535
::1 - - [05/Feb/2018:15:35:55 +0800] "POST /wordpress/wp-admin/admin-ajax.php HTTP/1.1" 200 8027
::1 - - [05/Feb/2018:15:36:03 +0800] "POST /wordpress/wp-admin/admin-ajax.php HTTP/1.1" 404 50
::1 - - [05/Feb/2018:15:36:03 +0800] "GET /wordpress/ HTTP/1.1" 200 18989
::1 - - [05/Feb/2018:15:36:05 +0800] "GET /wordpress/wp-admin/customize.php?url=http%3A%2F%2Flocalhost%2Fwordpress%2F HTTP/1.1" 200 330690
::1 - - [05/Feb/2018:15:36:06 +0800] "GET /wordpress/?customize_changeset_uuid=96ae02e1-d781-430a-a849-9f49bbcc4b35&customize_theme=twentyfifteen&customize_messenger_channel=preview-0 HTTP/1.1" 200 41024
::1 - - [05/Feb/2018:15:36:07 +0800] "POST /wordpress/wp-admin/admin-ajax.php HTTP/1.1" 200 8027
::1 - - [05/Feb/2018:15:36:14 +0800] "GET /wordpress/wp-admin/customize.php?url=http%3A%2F%2Flocalhost%2Fwordpress%2F&theme=food-restaurant&changeset_uuid=96ae02e1-d781-430a-a849-9f49bbcc4b35&return=http%3A%2F%2Flocalhost%2Fwordpress%2F HTTP/1.1" 200 356310
::1 - - [05/Feb/2018:15:36:15 +0800] "POST /wordpress/?customize_changeset_uuid=96ae02e1-d781-430a-a849-9f49bbcc4b35&customize_theme=food-restaurant&customize_messenger_channel=preview-0&customize_autosaved=on HTTP/1.1" 200 38711
::1 - - [05/Feb/2018:15:36:15 +0800] "GET /wordpress/wp-content/themes/food-restaurant/js/customizer.js?ver=20130508 HTTP/1.1" 404 18535
::1 - - [05/Feb/2018:15:36:25 +0800] "POST /wordpress/wp-admin/admin-ajax.php HTTP/1.1" 200 18812
::1 - - [05/Feb/2018:15:36:25 +0800] "GET /wordpress/wp-content/uploads/2018/02/cropped-download-1-300x180.jpg HTTP/1.1" 304 -
::1 - - [05/Feb/2018:15:36:25 +0800] "GET /wordpress/wp-content/uploads/2018/02/food-vegetables-eat-nutrition-57422-300x157.jpeg HTTP/1.1" 304 -
::1 - - [05/Feb/2018:15:36:25 +0800] "GET /wordpress/wp-content/uploads/2018/02/cropped-food-vegetables-eat-nutrition-57422-300x180.jpeg HTTP/1.1" 200 12091
::1 - - [05/Feb/2018:15:36:25 +0800] "GET /wordpress/wp-content/uploads/2018/02/cropped-download-300x180.jpg HTTP/1.1" 304 -
::1 - - [05/Feb/2018:15:36:25 +0800] "GET /wordpress/wp-content/uploads/2018/02/download-150x150.jpg HTTP/1.1" 304 -
::1 - - [05/Feb/2018:15:36:25 +0800] "GET /wordpress/wp-content/uploads/2018/02/cropped-images-2-300x180.jpg HTTP/1.1" 304 -
::1 - - [05/Feb/2018:15:36:25 +0800] "GET /wordpress/wp-content/uploads/2018/02/images-2-150x150.jpg HTTP/1.1" 304 -
::1 - - [05/Feb/2018:15:36:25 +0800] "GET /wordpress/wp-content/uploads/2018/02/images-1-150x150.jpg HTTP/1.1" 304 -
::1 - - [05/Feb/2018:15:36:25 +0800] "GET /wordpress/wp-content/uploads/2018/02/images-150x150.jpg HTTP/1.1" 304 -
::1 - - [05/Feb/2018:15:36:25 +0800] "GET /wordpress/wp-content/uploads/2018/02/coffee-300x180.jpg HTTP/1.1" 304 -
::1 - - [05/Feb/2018:15:36:25 +0800] "GET /wordpress/wp-content/uploads/2018/02/espresso-300x180.jpg HTTP/1.1" 304 -
::1 - - [05/Feb/2018:15:36:25 +0800] "GET /wordpress/wp-content/uploads/2018/02/download-1-150x112.jpg HTTP/1.1" 304 -
::1 - - [05/Feb/2018:15:36:25 +0800] "GET /wordpress/wp-content/uploads/2018/02/sandwich-300x180.jpg HTTP/1.1" 304 -
::1 - - [05/Feb/2018:15:36:25 +0800] "POST /wordpress/wp-admin/admin-ajax.php HTTP/1.1" 200 18812
::1 - - [05/Feb/2018:15:36:35 +0800] "GET /wordpress/wp-content/uploads/2018/02/food-vegetables-eat-nutrition-57422.jpeg HTTP/1.1" 304 -
::1 - - [05/Feb/2018:15:36:35 +0800] "POST /wordpress/wp-admin/admin-ajax.php HTTP/1.1" 200 16
::1 - - [05/Feb/2018:15:36:44 +0800] "POST /wordpress/wp-admin/admin-ajax.php HTTP/1.1" 200 189
::1 - - [05/Feb/2018:15:37:15 +0800] "POST /wordpress/wp-admin/admin-ajax.php HTTP/1.1" 200 47
::1 - - [05/Feb/2018:15:37:22 +0800] "POST /wordpress/wp-admin/admin-ajax.php HTTP/1.1" 200 230
::1 - - [05/Feb/2018:15:37:25 +0800] "POST /wordpress/wp-admin/admin-ajax.php HTTP/1.1" 200 8027
::1 - - [05/Feb/2018:15:37:31 +0800] "GET /wordpress/wp-admin/customize.php?url=http%3A%2F%2Flocalhost%2Fwordpress%2F&theme=food-restaurant&return=http%3A%2F%2Flocalhost%2Fwordpress%2F HTTP/1.1" 200 356402
::1 - - [05/Feb/2018:15:37:32 +0800] "GET /wordpress/?customize_changeset_uuid=70011b33-92c4-4bee-a42f-ed7689a81ba8&customize_theme=food-restaurant&customize_messenger_channel=preview-0 HTTP/1.1" 200 38700
::1 - - [05/Feb/2018:15:37:32 +0800] "GET /wordpress/wp-content/themes/food-restaurant/js/customizer.js?ver=20130508 HTTP/1.1" 404 15871
::1 - - [05/Feb/2018:15:37:33 +0800] "POST /wordpress/wp-admin/admin-ajax.php HTTP/1.1" 200 8027
::1 - - [05/Feb/2018:15:38:32 +0800] "POST /wordpress/wp-admin/admin-ajax.php HTTP/1.1" 200 47
::1 - - [05/Feb/2018:15:38:54 +0800] "GET /wordpress/wp-admin/customize.php?url=http%3A%2F%2Flocalhost%2Fwordpress%2F&theme=food-restaurant&return=http%3A%2F%2Flocalhost%2Fwordpress%2F HTTP/1.1" 200 356402
::1 - - [05/Feb/2018:15:38:55 +0800] "GET /wordpress/?customize_changeset_uuid=4ca39413-4e83-47c4-8834-30d79eacdc05&customize_theme=food-restaurant&customize_messenger_channel=preview-0 HTTP/1.1" 200 38700
::1 - - [05/Feb/2018:15:38:55 +0800] "GET /wordpress/wp-content/themes/food-restaurant/js/customizer.js?ver=20130508 HTTP/1.1" 404 15871
::1 - - [05/Feb/2018:15:38:56 +0800] "POST /wordpress/wp-admin/admin-ajax.php HTTP/1.1" 200 9221
::1 - - [05/Feb/2018:15:38:56 +0800] "GET /wordpress/wp-content/themes/fooding/screenshot.png HTTP/1.1" 200 277647
::1 - - [05/Feb/2018:15:38:59 +0800] "GET /wordpress/wp-admin/customize.php?url=http%3A%2F%2Flocalhost%2Fwordpress%2F&theme=fooding&return=http%3A%2F%2Flocalhost%2Fwordpress%2F&changeset_uuid=4ca39413-4e83-47c4-8834-30d79eacdc05 HTTP/1.1" 200 336031
::1 - - [05/Feb/2018:15:39:00 +0800] "GET /wordpress/wp-content/themes/fooding/assets/images/header.jpg HTTP/1.1" 200 366197
::1 - - [05/Feb/2018:15:39:00 +0800] "GET /wordpress/wp-content/themes/fooding/assets/css/font-awesome.min.css?ver=4.7 HTTP/1.1" 200 30999
::1 - - [05/Feb/2018:15:39:00 +0800] "GET /wordpress/wp-content/themes/fooding/style.css?ver=4.9.2 HTTP/1.1" 200 36211
::1 - - [05/Feb/2018:15:39:00 +0800] "GET /wordpress/wp-content/themes/fooding/assets/js/customizer.js?ver=20151215 HTTP/1.1" 200 1001
::1 - - [05/Feb/2018:15:39:00 +0800] "GET /wordpress/wp-content/themes/fooding/assets/js/parallax.js?ver=1.4.2 HTTP/1.1" 200 6662
::1 - - [05/Feb/2018:15:39:00 +0800] "GET /wordpress/wp-content/themes/fooding/assets/js/classie.js?ver=1.0.0 HTTP/1.1" 200 1834
::1 - - [05/Feb/2018:15:39:00 +0800] "GET /wordpress/wp-content/themes/fooding/assets/js/navigation.js?ver=20151215 HTTP/1.1" 200 2304
::1 - - [05/Feb/2018:15:39:00 +0800] "GET /wordpress/wp-content/themes/fooding/assets/js/skip-link-focus-fix.js?ver=20151215 HTTP/1.1" 200 880
::1 - - [05/Feb/2018:15:39:00 +0800] "GET /wordpress/wp-content/themes/fooding/assets/js/sidebarEffects.js?ver=1.0.0 HTTP/1.1" 200 4307
::1 - - [05/Feb/2018:15:39:00 +0800] "GET /wordpress/wp-content/themes/fooding/assets/js/theme.js?ver=20160414 HTTP/1.1" 200 86
::1 - - [05/Feb/2018:15:39:00 +0800] "POST /wordpress/?customize_changeset_uuid=4ca39413-4e83-47c4-8834-30d79eacdc05&customize_theme=fooding&customize_messenger_channel=preview-0&customize_autosaved=on HTTP/1.1" 200 42896
::1 - - [05/Feb/2018:15:39:03 +0800] "POST /wordpress/about/?customize_changeset_uuid=4ca39413-4e83-47c4-8834-30d79eacdc05&customize_theme=fooding&customize_messenger_channel=preview-1&customize_autosaved=on HTTP/1.1" 200 42165
::1 - - [05/Feb/2018:15:39:05 +0800] "POST /wordpress/blog/?customize_changeset_uuid=4ca39413-4e83-47c4-8834-30d79eacdc05&customize_theme=fooding&customize_messenger_channel=preview-2&customize_autosaved=on HTTP/1.1" 200 40428
::1 - - [05/Feb/2018:15:39:12 +0800] "POST /wordpress/contact/?customize_changeset_uuid=4ca39413-4e83-47c4-8834-30d79eacdc05&customize_theme=fooding&customize_messenger_channel=preview-3&customize_autosaved=on HTTP/1.1" 200 42177
::1 - - [05/Feb/2018:15:39:29 +0800] "POST /wordpress/wp-admin/admin-ajax.php HTTP/1.1" 200 206
::1 - - [05/Feb/2018:15:39:34 +0800] "GET /wordpress/?customize_changeset_uuid=27bfba4a-4441-421d-8ebf-96939e49efa4&customize_theme=fooding&customize_messenger_channel=preview-4 HTTP/1.1" 200 41731
::1 - - [05/Feb/2018:15:40:00 +0800] "POST /wordpress/wp-admin/admin-ajax.php HTTP/1.1" 200 47
::1 - - [05/Feb/2018:15:41:01 +0800] "POST /wordpress/wp-admin/admin-ajax.php HTTP/1.1" 200 47
::1 - - [05/Feb/2018:15:41:22 +0800] "POST /wordpress/wp-admin/admin-ajax.php HTTP/1.1" 404 50
::1 - - [05/Feb/2018:15:41:22 +0800] "GET /wordpress/ HTTP/1.1" 200 20783
::1 - - [05/Feb/2018:15:41:24 +0800] "GET /wordpress/wp-admin/customize.php?url=http%3A%2F%2Flocalhost%2Fwordpress%2F HTTP/1.1" 200 326079
::1 - - [05/Feb/2018:15:41:25 +0800] "GET /wordpress/?customize_changeset_uuid=20f83e75-e596-4748-b3db-619032f57790&customize_theme=fooding&customize_messenger_channel=preview-0 HTTP/1.1" 200 41731
::1 - - [05/Feb/2018:15:41:29 +0800] "POST /wordpress/wp-admin/admin-ajax.php HTTP/1.1" 200 1520
::1 - - [05/Feb/2018:15:41:40 +0800] "POST /wordpress/?customize_changeset_uuid=20f83e75-e596-4748-b3db-619032f57790&customize_autosaved=on&customize_preview_nonce=51a5f67870 HTTP/1.1" 200 4878
::1 - - [05/Feb/2018:15:41:41 +0800] "POST /wordpress/?customize_changeset_uuid=20f83e75-e596-4748-b3db-619032f57790&customize_autosaved=on&customize_preview_nonce=51a5f67870 HTTP/1.1" 200 5231
::1 - - [05/Feb/2018:15:41:43 +0800] "POST /wordpress/?customize_changeset_uuid=20f83e75-e596-4748-b3db-619032f57790&customize_autosaved=on&customize_preview_nonce=51a5f67870 HTTP/1.1" 200 5584
::1 - - [05/Feb/2018:15:41:44 +0800] "POST /wordpress/?customize_changeset_uuid=20f83e75-e596-4748-b3db-619032f57790&customize_autosaved=on&customize_preview_nonce=51a5f67870 HTTP/1.1" 200 5933
::1 - - [05/Feb/2018:15:41:46 +0800] "POST /wordpress/?customize_changeset_uuid=20f83e75-e596-4748-b3db-619032f57790&customize_autosaved=on&customize_preview_nonce=51a5f67870 HTTP/1.1" 200 6286
::1 - - [05/Feb/2018:15:41:46 +0800] "POST /wordpress/?customize_changeset_uuid=20f83e75-e596-4748-b3db-619032f57790&customize_autosaved=on&customize_preview_nonce=51a5f67870 HTTP/1.1" 200 6635
::1 - - [05/Feb/2018:15:41:50 +0800] "POST /wordpress/?customize_changeset_uuid=20f83e75-e596-4748-b3db-619032f57790&customize_autosaved=on&customize_preview_nonce=51a5f67870 HTTP/1.1" 200 6316
::1 - - [05/Feb/2018:15:41:50 +0800] "POST /wordpress/?customize_changeset_uuid=20f83e75-e596-4748-b3db-619032f57790&customize_autosaved=on&customize_preview_nonce=51a5f67870 HTTP/1.1" 200 5997
::1 - - [05/Feb/2018:15:41:51 +0800] "POST /wordpress/?customize_changeset_uuid=20f83e75-e596-4748-b3db-619032f57790&customize_autosaved=on&customize_preview_nonce=51a5f67870 HTTP/1.1" 200 5678
::1 - - [05/Feb/2018:15:41:51 +0800] "POST /wordpress/?customize_changeset_uuid=20f83e75-e596-4748-b3db-619032f57790&customize_autosaved=on&customize_preview_nonce=51a5f67870 HTTP/1.1" 200 5362
::1 - - [05/Feb/2018:15:41:52 +0800] "POST /wordpress/?customize_changeset_uuid=20f83e75-e596-4748-b3db-619032f57790&customize_autosaved=on&customize_preview_nonce=51a5f67870 HTTP/1.1" 200 5043
::1 - - [05/Feb/2018:15:41:53 +0800] "POST /wordpress/?customize_changeset_uuid=20f83e75-e596-4748-b3db-619032f57790&customize_autosaved=on&customize_preview_nonce=51a5f67870 HTTP/1.1" 200 4727
::1 - - [05/Feb/2018:15:42:25 +0800] "POST /wordpress/wp-admin/admin-ajax.php HTTP/1.1" 200 47
::1 - - [05/Feb/2018:15:42:28 +0800] "POST /wordpress/wp-admin/admin-ajax.php HTTP/1.1" 404 50
::1 - - [05/Feb/2018:15:42:28 +0800] "GET /wordpress/ HTTP/1.1" 200 20783
::1 - - [05/Feb/2018:15:42:32 +0800] "GET /wordpress/wp-admin/post.php?post=7&action=edit HTTP/1.1" 200 115578
::1 - - [05/Feb/2018:15:42:38 +0800] "GET /wordpress/wp-admin/upload.php HTTP/1.1" 200 78247
::1 - - [05/Feb/2018:15:42:38 +0800] "POST /wordpress/wp-admin/admin-ajax.php HTTP/1.1" 200 1
::1 - - [05/Feb/2018:15:42:38 +0800] "POST /wordpress/wp-admin/admin-ajax.php HTTP/1.1" 200 18812
::1 - - [05/Feb/2018:15:42:38 +0800] "POST /wordpress/wp-admin/admin-ajax.php HTTP/1.1" 200 18812
::1 - - [05/Feb/2018:15:43:27 +0800] "GET /wordpress/wp-admin/edit-tags.php?taxonomy=category HTTP/1.1" 200 37122
::1 - - [05/Feb/2018:15:43:27 +0800] "GET /wordpress/wp-admin/load-scripts.php?c=1&load%5B%5D=hoverIntent,common,admin-bar,wp-ajax-response,admin-tags,wp-a11y,inline-edit-tax,svg-painter,heartbeat,wp-auth-check&ver=4.9.2 HTTP/1.1" 200 15097
::1 - - [05/Feb/2018:15:43:33 +0800] "GET /wordpress/wp-admin/edit.php?post_type=page HTTP/1.1" 200 57540
::1 - - [05/Feb/2018:15:43:34 +0800] "POST /wordpress/wp-admin/admin-ajax.php HTTP/1.1" 200 47
::1 - - [05/Feb/2018:15:43:49 +0800] "POST /wordpress/wp-admin/admin-ajax.php HTTP/1.1" 200 47
::1 - - [05/Feb/2018:15:44:04 +0800] "POST /wordpress/wp-admin/admin-ajax.php HTTP/1.1" 200 47
::1 - - [05/Feb/2018:15:44:17 +0800] "GET /wordpress/ HTTP/1.1" 200 20783
::1 - - [05/Feb/2018:15:44:45 +0800] "GET /wordpress/wp-admin/themes.php HTTP/1.1" 200 49434
::1 - - [05/Feb/2018:15:44:54 +0800] "GET /wordpress/wp-admin/nav-menus.php HTTP/1.1" 200 91043
::1 - - [05/Feb/2018:15:45:03 +0800] "GET /wordpress/wp-admin/users.php HTTP/1.1" 200 33486
::1 - - [05/Feb/2018:15:45:03 +0800] "GET /wordpress/wp-admin/load-scripts.php?c=1&load%5B%5D=hoverIntent,common,admin-bar,svg-painter,heartbeat,wp-auth-check&ver=4.9.2 HTTP/1.1" 200 12541
::1 - - [05/Feb/2018:15:45:08 +0800] "GET /wordpress/wp-admin/themes.php HTTP/1.1" 200 49434
::1 - - [05/Feb/2018:15:45:11 +0800] "GET /wordpress/wp-admin/widgets.php HTTP/1.1" 200 207256
::1 - - [05/Feb/2018:15:45:17 +0800] "GET /wordpress/wp-admin/edit-comments.php HTTP/1.1" 200 46859
::1 - - [05/Feb/2018:15:45:23 +0800] "GET /wordpress/wp-admin/upload.php HTTP/1.1" 200 78247
::1 - - [05/Feb/2018:15:45:24 +0800] "POST /wordpress/wp-admin/admin-ajax.php HTTP/1.1" 200 18812
::1 - - [05/Feb/2018:15:45:24 +0800] "POST /wordpress/wp-admin/admin-ajax.php HTTP/1.1" 200 18812
::1 - - [05/Feb/2018:15:45:26 +0800] "GET /wordpress/wp-admin/edit.php HTTP/1.1" 200 49878
::1 - - [05/Feb/2018:15:45:26 +0800] "POST /wordpress/wp-admin/admin-ajax.php HTTP/1.1" 200 47
::1 - - [05/Feb/2018:15:45:42 +0800] "POST /wordpress/wp-admin/admin-ajax.php HTTP/1.1" 200 47
::1 - - [05/Feb/2018:15:47:43 +0800] "POST /wordpress/wp-admin/admin-ajax.php HTTP/1.1" 200 47
::1 - - [05/Feb/2018:15:49:43 +0800] "POST /wordpress/wp-admin/admin-ajax.php HTTP/1.1" 200 47
::1 - - [05/Feb/2018:15:50:04 +0800] "POST /wordpress/wp-admin/admin-ajax.php HTTP/1.1" 200 47
::1 - - [05/Feb/2018:15:50:06 +0800] "GET /wordpress/ HTTP/1.1" 200 20783
::1 - - [05/Feb/2018:15:50:08 +0800] "GET /wordpress/wp-admin/customize.php?url=http%3A%2F%2Flocalhost%2Fwordpress%2F HTTP/1.1" 200 326079
::1 - - [05/Feb/2018:15:50:09 +0800] "GET /wordpress/?customize_changeset_uuid=59ebd200-fc35-4e63-acac-bb2ff4461d08&customize_theme=fooding&customize_messenger_channel=preview-0 HTTP/1.1" 200 41731
::1 - - [05/Feb/2018:15:50:10 +0800] "POST /wordpress/wp-admin/admin-ajax.php HTTP/1.1" 200 10174
::1 - - [05/Feb/2018:15:50:10 +0800] "GET /wordpress/wp-content/themes/cafe-blog/screenshot.png HTTP/1.1" 200 416515
::1 - - [05/Feb/2018:15:50:13 +0800] "GET /wordpress/wp-admin/customize.php?url=http%3A%2F%2Flocalhost%2Fwordpress%2F&theme=cafe-blog&changeset_uuid=59ebd200-fc35-4e63-acac-bb2ff4461d08&return=http%3A%2F%2Flocalhost%2Fwordpress%2F HTTP/1.1" 200 332928
::1 - - [05/Feb/2018:15:50:14 +0800] "GET /wordpress/wp-content/themes/cafe-blog/style.css?ver=1.0.9 HTTP/1.1" 200 39364
::1 - - [05/Feb/2018:15:50:14 +0800] "GET /wordpress/wp-content/themes/cafe-blog/css/font-awesome.min.css?ver=4.7.0 HTTP/1.1" 200 31000
::1 - - [05/Feb/2018:15:50:15 +0800] "GET /wordpress/wp-content/themes/cafe-blog/js/customizer.js?ver=1.0.9 HTTP/1.1" 200 517
::1 - - [05/Feb/2018:15:50:15 +0800] "GET /wordpress/wp-content/themes/cafe-blog/js/jquery.fitvids.js?ver=1.1 HTTP/1.1" 200 2571
::1 - - [05/Feb/2018:15:50:15 +0800] "GET /wordpress/wp-content/themes/cafe-blog/js/custom.js?ver=1.0.9 HTTP/1.1" 200 1796
::1 - - [05/Feb/2018:15:50:14 +0800] "POST /wordpress/?customize_changeset_uuid=59ebd200-fc35-4e63-acac-bb2ff4461d08&customize_theme=cafe-blog&customize_messenger_channel=preview-0&customize_autosaved=on HTTP/1.1" 200 38430
::1 - - [05/Feb/2018:15:50:15 +0800] "GET /wordpress/wp-content/themes/cafe-blog/images/search.svg HTTP/1.1" 200 443
::1 - - [05/Feb/2018:15:50:31 +0800] "POST /wordpress/a-homepage-section/?customize_changeset_uuid=59ebd200-fc35-4e63-acac-bb2ff4461d08&customize_theme=cafe-blog&customize_messenger_channel=preview-1&customize_autosaved=on HTTP/1.1" 200 38536
::1 - - [05/Feb/2018:15:50:35 +0800] "POST /wordpress/about/?customize_changeset_uuid=59ebd200-fc35-4e63-acac-bb2ff4461d08&customize_theme=cafe-blog&customize_messenger_channel=preview-2&customize_autosaved=on HTTP/1.1" 200 38489
::1 - - [05/Feb/2018:15:51:14 +0800] "POST /wordpress/wp-admin/admin-ajax.php HTTP/1.1" 200 47
::1 - - [05/Feb/2018:15:52:03 +0800] "POST /wordpress/a-homepage-section/?customize_changeset_uuid=59ebd200-fc35-4e63-acac-bb2ff4461d08&customize_theme=cafe-blog&customize_messenger_channel=preview-3&customize_autosaved=on HTTP/1.1" 200 38536
::1 - - [05/Feb/2018:15:52:15 +0800] "POST /wordpress/wp-admin/admin-ajax.php HTTP/1.1" 200 47
::1 - - [05/Feb/2018:15:53:32 +0800] "POST /wordpress/wp-admin/admin-ajax.php HTTP/1.1" 200 47
::1 - - [05/Feb/2018:15:54:32 +0800] "POST /wordpress/wp-admin/admin-ajax.php HTTP/1.1" 200 47
